<?xml version="1.0" encoding="UTF-8"?>
<coverage generated="1560052957587" clover="3.2.0">
  <project timestamp="1560052957587" name="All files">
    <metrics statements="66" coveredstatements="66" conditionals="25" coveredconditionals="22" methods="27" coveredmethods="26" elements="118" coveredelements="114" complexity="0" loc="66" ncloc="66" packages="1" files="1" classes="1"/>
    <file name="takahuri.js" path="/Users/jess/Workspace/takahuri/src/takahuri.js">
      <metrics statements="66" coveredstatements="66" conditionals="25" coveredconditionals="22" methods="27" coveredmethods="26"/>
      <line num="4" count="1" type="stmt"/>
      <line num="10" count="1" type="stmt"/>
      <line num="33" count="10" type="stmt"/>
      <line num="35" count="1" type="stmt"/>
      <line num="37" count="1" type="cond" truecount="1" falsecount="0"/>
      <line num="38" count="2" type="cond" truecount="2" falsecount="0"/>
      <line num="39" count="2" type="stmt"/>
      <line num="40" count="2" type="stmt"/>
      <line num="44" count="1" type="stmt"/>
      <line num="45" count="3" type="cond" truecount="1" falsecount="1"/>
      <line num="46" count="3" type="stmt"/>
      <line num="49" count="1" type="stmt"/>
      <line num="50" count="3" type="cond" truecount="2" falsecount="0"/>
      <line num="51" count="2" type="stmt"/>
      <line num="55" count="1" type="stmt"/>
      <line num="56" count="1" type="stmt"/>
      <line num="59" count="1" type="stmt"/>
      <line num="61" count="1" type="stmt"/>
      <line num="62" count="18" type="stmt"/>
      <line num="63" count="18" type="cond" truecount="2" falsecount="0"/>
      <line num="64" count="18" type="cond" truecount="2" falsecount="0"/>
      <line num="65" count="18" type="stmt"/>
      <line num="68" count="18" type="stmt"/>
      <line num="70" count="9" type="stmt"/>
      <line num="71" count="18" type="stmt"/>
      <line num="72" count="18" type="stmt"/>
      <line num="73" count="18" type="stmt"/>
      <line num="74" count="18" type="stmt"/>
      <line num="78" count="1" type="stmt"/>
      <line num="79" count="9" type="stmt"/>
      <line num="80" count="9" type="stmt"/>
      <line num="83" count="1" type="stmt"/>
      <line num="84" count="9" type="stmt"/>
      <line num="87" count="8" type="stmt"/>
      <line num="89" count="1" type="stmt"/>
      <line num="90" count="7" type="cond" truecount="1" falsecount="1"/>
      <line num="91" count="7" type="cond" truecount="2" falsecount="0"/>
      <line num="94" count="1" type="stmt"/>
      <line num="95" count="7" type="stmt"/>
      <line num="96" count="7" type="stmt"/>
      <line num="97" count="7" type="stmt"/>
      <line num="100" count="2" type="stmt"/>
      <line num="101" count="7" type="stmt"/>
      <line num="102" count="7" type="stmt"/>
      <line num="103" count="7" type="stmt"/>
      <line num="106" count="2" type="stmt"/>
      <line num="107" count="1" type="stmt"/>
      <line num="109" count="1" type="stmt"/>
      <line num="110" count="1" type="stmt"/>
      <line num="111" count="1" type="stmt"/>
      <line num="114" count="1" type="cond" truecount="1" falsecount="0"/>
      <line num="116" count="2" type="cond" truecount="2" falsecount="0"/>
      <line num="119" count="1" type="stmt"/>
      <line num="120" count="2" type="stmt"/>
      <line num="121" count="2" type="cond" truecount="2" falsecount="1"/>
      <line num="122" count="2" type="cond" truecount="4" falsecount="0"/>
      <line num="123" count="1" type="stmt"/>
      <line num="124" count="1" type="stmt"/>
      <line num="125" count="1" type="stmt"/>
      <line num="128" count="1" type="stmt"/>
      <line num="129" count="1" type="stmt"/>
      <line num="133" count="2" type="stmt"/>
      <line num="142" count="1" type="stmt"/>
      <line num="144" count="2" type="stmt"/>
      <line num="145" count="2" type="stmt"/>
      <line num="146" count="2" type="stmt"/>
    </file>
  </project>
</coverage>
