<?xml version="1.0" encoding="UTF-8"?>
<coverage generated="1560047176434" clover="3.2.0">
  <project timestamp="1560047176434" name="All files">
    <metrics statements="65" coveredstatements="65" conditionals="25" coveredconditionals="22" methods="25" coveredmethods="24" elements="115" coveredelements="111" complexity="0" loc="65" ncloc="65" packages="1" files="1" classes="1"/>
    <file name="takahuri.js" path="/Users/jess/Workspace/takahuri/src/takahuri.js">
      <metrics statements="65" coveredstatements="65" conditionals="25" coveredconditionals="22" methods="25" coveredmethods="24"/>
      <line num="4" count="1" type="stmt"/>
      <line num="10" count="1" type="stmt"/>
      <line num="33" count="10" type="stmt"/>
      <line num="35" count="1" type="stmt"/>
      <line num="37" count="1" type="cond" truecount="1" falsecount="0"/>
      <line num="38" count="2" type="cond" truecount="2" falsecount="0"/>
      <line num="39" count="2" type="stmt"/>
      <line num="40" count="2" type="stmt"/>
      <line num="44" count="1" type="stmt"/>
      <line num="45" count="3" type="cond" truecount="1" falsecount="1"/>
      <line num="46" count="3" type="stmt"/>
      <line num="49" count="1" type="stmt"/>
      <line num="50" count="3" type="cond" truecount="2" falsecount="0"/>
      <line num="51" count="2" type="stmt"/>
      <line num="55" count="1" type="stmt"/>
      <line num="56" count="1" type="stmt"/>
      <line num="59" count="1" type="stmt"/>
      <line num="61" count="1" type="stmt"/>
      <line num="62" count="18" type="stmt"/>
      <line num="63" count="18" type="cond" truecount="2" falsecount="0"/>
      <line num="64" count="18" type="cond" truecount="2" falsecount="0"/>
      <line num="65" count="18" type="stmt"/>
      <line num="68" count="9" type="stmt"/>
      <line num="69" count="18" type="stmt"/>
      <line num="70" count="18" type="stmt"/>
      <line num="71" count="18" type="stmt"/>
      <line num="74" count="1" type="stmt"/>
      <line num="75" count="9" type="stmt"/>
      <line num="76" count="9" type="stmt"/>
      <line num="79" count="1" type="stmt"/>
      <line num="80" count="9" type="stmt"/>
      <line num="83" count="8" type="stmt"/>
      <line num="85" count="1" type="stmt"/>
      <line num="86" count="7" type="cond" truecount="1" falsecount="1"/>
      <line num="87" count="7" type="cond" truecount="2" falsecount="0"/>
      <line num="90" count="1" type="stmt"/>
      <line num="91" count="7" type="stmt"/>
      <line num="92" count="7" type="stmt"/>
      <line num="93" count="7" type="stmt"/>
      <line num="96" count="2" type="stmt"/>
      <line num="97" count="7" type="stmt"/>
      <line num="98" count="7" type="stmt"/>
      <line num="99" count="7" type="stmt"/>
      <line num="102" count="2" type="stmt"/>
      <line num="103" count="1" type="stmt"/>
      <line num="105" count="1" type="stmt"/>
      <line num="106" count="1" type="stmt"/>
      <line num="107" count="1" type="stmt"/>
      <line num="110" count="1" type="cond" truecount="1" falsecount="0"/>
      <line num="112" count="2" type="cond" truecount="2" falsecount="0"/>
      <line num="115" count="1" type="stmt"/>
      <line num="116" count="2" type="stmt"/>
      <line num="117" count="2" type="stmt"/>
      <line num="118" count="2" type="cond" truecount="2" falsecount="1"/>
      <line num="119" count="2" type="cond" truecount="4" falsecount="0"/>
      <line num="120" count="1" type="stmt"/>
      <line num="121" count="1" type="stmt"/>
      <line num="122" count="1" type="stmt"/>
      <line num="125" count="1" type="stmt"/>
      <line num="126" count="1" type="stmt"/>
      <line num="130" count="2" type="stmt"/>
      <line num="139" count="1" type="stmt"/>
      <line num="141" count="2" type="stmt"/>
      <line num="142" count="2" type="stmt"/>
      <line num="143" count="2" type="stmt"/>
    </file>
  </project>
</coverage>
