{"/Users/jess/Workspace/takahuri/src/takahuri.js": {"path":"/Users/jess/Workspace/takahuri/src/takahuri.js","statementMap":{"0":{"start":{"line":4,"column":20},"end":{"line":8,"column":1}},"1":{"start":{"line":10,"column":30},"end":{"line":28,"column":1}},"2":{"start":{"line":33,"column":36},"end":{"line":33,"column":89}},"3":{"start":{"line":33,"column":45},"end":{"line":33,"column":89}},"4":{"start":{"line":35,"column":40},"end":{"line":35,"column":108}},"5":{"start":{"line":35,"column":53},"end":{"line":35,"column":108}},"6":{"start":{"line":37,"column":31},"end":{"line":42,"column":1}},"7":{"start":{"line":38,"column":12},"end":{"line":38,"column":41}},"8":{"start":{"line":39,"column":2},"end":{"line":41,"column":5}},"9":{"start":{"line":40,"column":4},"end":{"line":40,"column":44}},"10":{"start":{"line":44,"column":31},"end":{"line":47,"column":1}},"11":{"start":{"line":45,"column":15},"end":{"line":45,"column":43}},"12":{"start":{"line":46,"column":2},"end":{"line":46,"column":35}},"13":{"start":{"line":49,"column":34},"end":{"line":53,"column":1}},"14":{"start":{"line":49,"column":54},"end":{"line":53,"column":1}},"15":{"start":{"line":50,"column":2},"end":{"line":52,"column":3}},"16":{"start":{"line":51,"column":4},"end":{"line":51,"column":18}},"17":{"start":{"line":55,"column":34},"end":{"line":57,"column":1}},"18":{"start":{"line":56,"column":2},"end":{"line":56,"column":90}},"19":{"start":{"line":59,"column":20},"end":{"line":59,"column":64}},"20":{"start":{"line":59,"column":30},"end":{"line":59,"column":64}},"21":{"start":{"line":61,"column":25},"end":{"line":66,"column":1}},"22":{"start":{"line":62,"column":32},"end":{"line":62,"column":50}},"23":{"start":{"line":63,"column":17},"end":{"line":63,"column":81}},"24":{"start":{"line":64,"column":14},"end":{"line":64,"column":131}},"25":{"start":{"line":65,"column":2},"end":{"line":65,"column":35}},"26":{"start":{"line":68,"column":37},"end":{"line":68,"column":72}},"27":{"start":{"line":68,"column":51},"end":{"line":68,"column":72}},"28":{"start":{"line":70,"column":24},"end":{"line":76,"column":1}},"29":{"start":{"line":70,"column":42},"end":{"line":76,"column":1}},"30":{"start":{"line":71,"column":21},"end":{"line":71,"column":96}},"31":{"start":{"line":72,"column":2},"end":{"line":75,"column":5}},"32":{"start":{"line":73,"column":25},"end":{"line":73,"column":75}},"33":{"start":{"line":74,"column":4},"end":{"line":74,"column":50}},"34":{"start":{"line":78,"column":25},"end":{"line":81,"column":1}},"35":{"start":{"line":79,"column":19},"end":{"line":79,"column":71}},"36":{"start":{"line":80,"column":2},"end":{"line":80,"column":50}},"37":{"start":{"line":83,"column":27},"end":{"line":85,"column":1}},"38":{"start":{"line":84,"column":2},"end":{"line":84,"column":49}},"39":{"start":{"line":87,"column":28},"end":{"line":87,"column":77}},"40":{"start":{"line":87,"column":38},"end":{"line":87,"column":77}},"41":{"start":{"line":89,"column":24},"end":{"line":92,"column":1}},"42":{"start":{"line":90,"column":23},"end":{"line":90,"column":72}},"43":{"start":{"line":91,"column":2},"end":{"line":91,"column":81}},"44":{"start":{"line":94,"column":37},"end":{"line":98,"column":1}},"45":{"start":{"line":95,"column":23},"end":{"line":95,"column":46}},"46":{"start":{"line":96,"column":2},"end":{"line":96,"column":43}},"47":{"start":{"line":97,"column":2},"end":{"line":97,"column":22}},"48":{"start":{"line":100,"column":23},"end":{"line":104,"column":1}},"49":{"start":{"line":100,"column":33},"end":{"line":104,"column":1}},"50":{"start":{"line":101,"column":2},"end":{"line":101,"column":26}},"51":{"start":{"line":102,"column":15},"end":{"line":102,"column":51}},"52":{"start":{"line":103,"column":2},"end":{"line":103,"column":33}},"53":{"start":{"line":106,"column":29},"end":{"line":112,"column":1}},"54":{"start":{"line":106,"column":39},"end":{"line":112,"column":1}},"55":{"start":{"line":107,"column":17},"end":{"line":108,"column":10}},"56":{"start":{"line":109,"column":2},"end":{"line":109,"column":58}},"57":{"start":{"line":110,"column":2},"end":{"line":110,"column":61}},"58":{"start":{"line":111,"column":2},"end":{"line":111,"column":22}},"59":{"start":{"line":114,"column":20},"end":{"line":117,"column":1}},"60":{"start":{"line":116,"column":2},"end":{"line":116,"column":84}},"61":{"start":{"line":119,"column":25},"end":{"line":130,"column":1}},"62":{"start":{"line":120,"column":19},"end":{"line":120,"column":38}},"63":{"start":{"line":121,"column":23},"end":{"line":121,"column":84}},"64":{"start":{"line":122,"column":2},"end":{"line":126,"column":3}},"65":{"start":{"line":123,"column":4},"end":{"line":123,"column":47}},"66":{"start":{"line":124,"column":4},"end":{"line":124,"column":49}},"67":{"start":{"line":125,"column":4},"end":{"line":125,"column":11}},"68":{"start":{"line":128,"column":2},"end":{"line":128,"column":45}},"69":{"start":{"line":129,"column":2},"end":{"line":129,"column":47}},"70":{"start":{"line":133,"column":21},"end":{"line":136,"column":2}},"71":{"start":{"line":133,"column":38},"end":{"line":136,"column":1}},"72":{"start":{"line":142,"column":27},"end":{"line":147,"column":1}},"73":{"start":{"line":144,"column":17},"end":{"line":144,"column":43}},"74":{"start":{"line":145,"column":2},"end":{"line":145,"column":27}},"75":{"start":{"line":146,"column":2},"end":{"line":146,"column":78}}},"fnMap":{"0":{"name":"(anonymous_0)","decl":{"start":{"line":33,"column":36},"end":{"line":33,"column":37}},"loc":{"start":{"line":33,"column":45},"end":{"line":33,"column":89}},"line":33},"1":{"name":"(anonymous_1)","decl":{"start":{"line":35,"column":40},"end":{"line":35,"column":41}},"loc":{"start":{"line":35,"column":53},"end":{"line":35,"column":108}},"line":35},"2":{"name":"(anonymous_2)","decl":{"start":{"line":37,"column":31},"end":{"line":37,"column":32}},"loc":{"start":{"line":37,"column":75},"end":{"line":42,"column":1}},"line":37},"3":{"name":"(anonymous_3)","decl":{"start":{"line":39,"column":12},"end":{"line":39,"column":13}},"loc":{"start":{"line":39,"column":23},"end":{"line":41,"column":3}},"line":39},"4":{"name":"(anonymous_4)","decl":{"start":{"line":44,"column":31},"end":{"line":44,"column":32}},"loc":{"start":{"line":44,"column":54},"end":{"line":47,"column":1}},"line":44},"5":{"name":"(anonymous_5)","decl":{"start":{"line":49,"column":34},"end":{"line":49,"column":35}},"loc":{"start":{"line":49,"column":54},"end":{"line":53,"column":1}},"line":49},"6":{"name":"(anonymous_6)","decl":{"start":{"line":49,"column":54},"end":{"line":49,"column":55}},"loc":{"start":{"line":49,"column":65},"end":{"line":53,"column":1}},"line":49},"7":{"name":"(anonymous_7)","decl":{"start":{"line":55,"column":34},"end":{"line":55,"column":35}},"loc":{"start":{"line":55,"column":63},"end":{"line":57,"column":1}},"line":55},"8":{"name":"(anonymous_8)","decl":{"start":{"line":59,"column":20},"end":{"line":59,"column":21}},"loc":{"start":{"line":59,"column":30},"end":{"line":59,"column":64}},"line":59},"9":{"name":"(anonymous_9)","decl":{"start":{"line":61,"column":25},"end":{"line":61,"column":26}},"loc":{"start":{"line":61,"column":63},"end":{"line":66,"column":1}},"line":61},"10":{"name":"(anonymous_10)","decl":{"start":{"line":68,"column":37},"end":{"line":68,"column":38}},"loc":{"start":{"line":68,"column":51},"end":{"line":68,"column":72}},"line":68},"11":{"name":"(anonymous_11)","decl":{"start":{"line":70,"column":24},"end":{"line":70,"column":25}},"loc":{"start":{"line":70,"column":42},"end":{"line":76,"column":1}},"line":70},"12":{"name":"(anonymous_12)","decl":{"start":{"line":70,"column":42},"end":{"line":70,"column":43}},"loc":{"start":{"line":70,"column":55},"end":{"line":76,"column":1}},"line":70},"13":{"name":"(anonymous_13)","decl":{"start":{"line":72,"column":21},"end":{"line":72,"column":22}},"loc":{"start":{"line":72,"column":36},"end":{"line":75,"column":3}},"line":72},"14":{"name":"(anonymous_14)","decl":{"start":{"line":78,"column":25},"end":{"line":78,"column":26}},"loc":{"start":{"line":78,"column":43},"end":{"line":81,"column":1}},"line":78},"15":{"name":"(anonymous_15)","decl":{"start":{"line":83,"column":27},"end":{"line":83,"column":28}},"loc":{"start":{"line":83,"column":46},"end":{"line":85,"column":1}},"line":83},"16":{"name":"(anonymous_16)","decl":{"start":{"line":87,"column":28},"end":{"line":87,"column":29}},"loc":{"start":{"line":87,"column":38},"end":{"line":87,"column":77}},"line":87},"17":{"name":"(anonymous_17)","decl":{"start":{"line":89,"column":24},"end":{"line":89,"column":25}},"loc":{"start":{"line":89,"column":36},"end":{"line":92,"column":1}},"line":89},"18":{"name":"(anonymous_18)","decl":{"start":{"line":94,"column":37},"end":{"line":94,"column":38}},"loc":{"start":{"line":94,"column":49},"end":{"line":98,"column":1}},"line":94},"19":{"name":"(anonymous_19)","decl":{"start":{"line":100,"column":23},"end":{"line":100,"column":24}},"loc":{"start":{"line":100,"column":33},"end":{"line":104,"column":1}},"line":100},"20":{"name":"(anonymous_20)","decl":{"start":{"line":100,"column":33},"end":{"line":100,"column":34}},"loc":{"start":{"line":100,"column":44},"end":{"line":104,"column":1}},"line":100},"21":{"name":"(anonymous_21)","decl":{"start":{"line":106,"column":29},"end":{"line":106,"column":30}},"loc":{"start":{"line":106,"column":39},"end":{"line":112,"column":1}},"line":106},"22":{"name":"(anonymous_22)","decl":{"start":{"line":106,"column":39},"end":{"line":106,"column":40}},"loc":{"start":{"line":106,"column":45},"end":{"line":112,"column":1}},"line":106},"23":{"name":"(anonymous_23)","decl":{"start":{"line":114,"column":20},"end":{"line":114,"column":21}},"loc":{"start":{"line":114,"column":50},"end":{"line":117,"column":1}},"line":114},"24":{"name":"(anonymous_24)","decl":{"start":{"line":119,"column":25},"end":{"line":119,"column":26}},"loc":{"start":{"line":119,"column":37},"end":{"line":130,"column":1}},"line":119},"25":{"name":"(anonymous_25)","decl":{"start":{"line":133,"column":21},"end":{"line":133,"column":22}},"loc":{"start":{"line":133,"column":38},"end":{"line":136,"column":1}},"line":133},"26":{"name":"(anonymous_26)","decl":{"start":{"line":142,"column":27},"end":{"line":142,"column":28}},"loc":{"start":{"line":142,"column":45},"end":{"line":147,"column":1}},"line":142}},"branchMap":{"0":{"loc":{"start":{"line":37,"column":57},"end":{"line":37,"column":70}},"type":"default-arg","locations":[{"start":{"line":37,"column":66},"end":{"line":37,"column":70}}],"line":37},"1":{"loc":{"start":{"line":38,"column":12},"end":{"line":38,"column":41}},"type":"binary-expr","locations":[{"start":{"line":38,"column":12},"end":{"line":38,"column":18}},{"start":{"line":38,"column":22},"end":{"line":38,"column":41}}],"line":38},"2":{"loc":{"start":{"line":45,"column":15},"end":{"line":45,"column":43}},"type":"binary-expr","locations":[{"start":{"line":45,"column":15},"end":{"line":45,"column":28}},{"start":{"line":45,"column":32},"end":{"line":45,"column":43}}],"line":45},"3":{"loc":{"start":{"line":50,"column":2},"end":{"line":52,"column":3}},"type":"if","locations":[{"start":{"line":50,"column":2},"end":{"line":52,"column":3}},{"start":{"line":50,"column":2},"end":{"line":52,"column":3}}],"line":50},"4":{"loc":{"start":{"line":63,"column":17},"end":{"line":63,"column":81}},"type":"cond-expr","locations":[{"start":{"line":63,"column":59},"end":{"line":63,"column":61}},{"start":{"line":63,"column":64},"end":{"line":63,"column":81}}],"line":63},"5":{"loc":{"start":{"line":64,"column":14},"end":{"line":64,"column":131}},"type":"cond-expr","locations":[{"start":{"line":64,"column":42},"end":{"line":64,"column":85}},{"start":{"line":64,"column":88},"end":{"line":64,"column":131}}],"line":64},"6":{"loc":{"start":{"line":90,"column":23},"end":{"line":90,"column":72}},"type":"binary-expr","locations":[{"start":{"line":90,"column":23},"end":{"line":90,"column":50}},{"start":{"line":90,"column":54},"end":{"line":90,"column":72}}],"line":90},"7":{"loc":{"start":{"line":91,"column":9},"end":{"line":91,"column":80}},"type":"cond-expr","locations":[{"start":{"line":91,"column":45},"end":{"line":91,"column":61}},{"start":{"line":91,"column":64},"end":{"line":91,"column":80}}],"line":91},"8":{"loc":{"start":{"line":114,"column":29},"end":{"line":114,"column":45}},"type":"default-arg","locations":[{"start":{"line":114,"column":39},"end":{"line":114,"column":45}}],"line":114},"9":{"loc":{"start":{"line":116,"column":9},"end":{"line":116,"column":83}},"type":"cond-expr","locations":[{"start":{"line":116,"column":60},"end":{"line":116,"column":76}},{"start":{"line":116,"column":79},"end":{"line":116,"column":83}}],"line":116},"10":{"loc":{"start":{"line":121,"column":23},"end":{"line":121,"column":84}},"type":"binary-expr","locations":[{"start":{"line":121,"column":23},"end":{"line":121,"column":31}},{"start":{"line":121,"column":35},"end":{"line":121,"column":62}},{"start":{"line":121,"column":66},"end":{"line":121,"column":84}}],"line":121},"11":{"loc":{"start":{"line":122,"column":2},"end":{"line":126,"column":3}},"type":"if","locations":[{"start":{"line":122,"column":2},"end":{"line":126,"column":3}},{"start":{"line":122,"column":2},"end":{"line":126,"column":3}}],"line":122},"12":{"loc":{"start":{"line":122,"column":6},"end":{"line":122,"column":66}},"type":"binary-expr","locations":[{"start":{"line":122,"column":6},"end":{"line":122,"column":41}},{"start":{"line":122,"column":45},"end":{"line":122,"column":66}}],"line":122}},"s":{"0":1,"1":1,"2":1,"3":10,"4":1,"5":0,"6":1,"7":2,"8":2,"9":2,"10":1,"11":3,"12":3,"13":1,"14":1,"15":3,"16":2,"17":1,"18":1,"19":1,"20":1,"21":1,"22":18,"23":18,"24":18,"25":18,"26":1,"27":18,"28":1,"29":9,"30":18,"31":18,"32":18,"33":18,"34":1,"35":9,"36":9,"37":1,"38":9,"39":1,"40":8,"41":1,"42":7,"43":7,"44":1,"45":7,"46":7,"47":7,"48":1,"49":2,"50":7,"51":7,"52":7,"53":1,"54":2,"55":1,"56":1,"57":1,"58":1,"59":1,"60":2,"61":1,"62":2,"63":2,"64":2,"65":1,"66":1,"67":1,"68":1,"69":1,"70":1,"71":2,"72":1,"73":2,"74":2,"75":2},"f":{"0":10,"1":0,"2":2,"3":2,"4":3,"5":1,"6":3,"7":1,"8":1,"9":18,"10":18,"11":9,"12":18,"13":18,"14":9,"15":9,"16":8,"17":7,"18":7,"19":2,"20":7,"21":2,"22":1,"23":2,"24":2,"25":2,"26":2},"b":{"0":[1],"1":[2,1],"2":[3,0],"3":[2,1],"4":[9,9],"5":[8,10],"6":[7,0],"7":[4,3],"8":[2],"9":[1,1],"10":[2,1,0],"11":[1,1],"12":[2,1]},"_coverageSchema":"43e27e138ebf9cfc5966b082cf9a028302ed4184","hash":"fe1660f7d5df7b04ced2d5cf2a167d0b134fcaf8"}
}
