{"/Users/jess/Workspace/takahuri/src/takahuri.js": {"path":"/Users/jess/Workspace/takahuri/src/takahuri.js","statementMap":{"0":{"start":{"line":4,"column":20},"end":{"line":8,"column":1}},"1":{"start":{"line":10,"column":30},"end":{"line":28,"column":1}},"2":{"start":{"line":33,"column":36},"end":{"line":33,"column":89}},"3":{"start":{"line":33,"column":45},"end":{"line":33,"column":89}},"4":{"start":{"line":35,"column":40},"end":{"line":35,"column":108}},"5":{"start":{"line":35,"column":53},"end":{"line":35,"column":108}},"6":{"start":{"line":37,"column":31},"end":{"line":42,"column":1}},"7":{"start":{"line":38,"column":12},"end":{"line":38,"column":41}},"8":{"start":{"line":39,"column":2},"end":{"line":41,"column":5}},"9":{"start":{"line":40,"column":4},"end":{"line":40,"column":44}},"10":{"start":{"line":44,"column":31},"end":{"line":47,"column":1}},"11":{"start":{"line":45,"column":15},"end":{"line":45,"column":43}},"12":{"start":{"line":46,"column":2},"end":{"line":46,"column":35}},"13":{"start":{"line":49,"column":34},"end":{"line":53,"column":1}},"14":{"start":{"line":49,"column":54},"end":{"line":53,"column":1}},"15":{"start":{"line":50,"column":2},"end":{"line":52,"column":3}},"16":{"start":{"line":51,"column":4},"end":{"line":51,"column":18}},"17":{"start":{"line":55,"column":34},"end":{"line":57,"column":1}},"18":{"start":{"line":56,"column":2},"end":{"line":56,"column":90}},"19":{"start":{"line":59,"column":20},"end":{"line":59,"column":64}},"20":{"start":{"line":59,"column":30},"end":{"line":59,"column":64}},"21":{"start":{"line":61,"column":25},"end":{"line":66,"column":1}},"22":{"start":{"line":62,"column":32},"end":{"line":62,"column":50}},"23":{"start":{"line":63,"column":17},"end":{"line":63,"column":81}},"24":{"start":{"line":64,"column":14},"end":{"line":64,"column":131}},"25":{"start":{"line":65,"column":2},"end":{"line":65,"column":35}},"26":{"start":{"line":68,"column":24},"end":{"line":72,"column":1}},"27":{"start":{"line":68,"column":42},"end":{"line":72,"column":1}},"28":{"start":{"line":69,"column":20},"end":{"line":69,"column":65}},"29":{"start":{"line":70,"column":23},"end":{"line":70,"column":73}},"30":{"start":{"line":71,"column":2},"end":{"line":71,"column":48}},"31":{"start":{"line":74,"column":25},"end":{"line":77,"column":1}},"32":{"start":{"line":75,"column":19},"end":{"line":75,"column":71}},"33":{"start":{"line":76,"column":2},"end":{"line":76,"column":50}},"34":{"start":{"line":79,"column":27},"end":{"line":81,"column":1}},"35":{"start":{"line":80,"column":2},"end":{"line":80,"column":49}},"36":{"start":{"line":83,"column":28},"end":{"line":83,"column":77}},"37":{"start":{"line":83,"column":38},"end":{"line":83,"column":77}},"38":{"start":{"line":85,"column":24},"end":{"line":88,"column":1}},"39":{"start":{"line":86,"column":23},"end":{"line":86,"column":72}},"40":{"start":{"line":87,"column":2},"end":{"line":87,"column":81}},"41":{"start":{"line":90,"column":37},"end":{"line":94,"column":1}},"42":{"start":{"line":91,"column":23},"end":{"line":91,"column":46}},"43":{"start":{"line":92,"column":2},"end":{"line":92,"column":43}},"44":{"start":{"line":93,"column":2},"end":{"line":93,"column":22}},"45":{"start":{"line":96,"column":23},"end":{"line":100,"column":1}},"46":{"start":{"line":96,"column":33},"end":{"line":100,"column":1}},"47":{"start":{"line":97,"column":2},"end":{"line":97,"column":26}},"48":{"start":{"line":98,"column":15},"end":{"line":98,"column":51}},"49":{"start":{"line":99,"column":2},"end":{"line":99,"column":33}},"50":{"start":{"line":102,"column":29},"end":{"line":108,"column":1}},"51":{"start":{"line":102,"column":39},"end":{"line":108,"column":1}},"52":{"start":{"line":103,"column":17},"end":{"line":104,"column":10}},"53":{"start":{"line":105,"column":2},"end":{"line":105,"column":58}},"54":{"start":{"line":106,"column":2},"end":{"line":106,"column":61}},"55":{"start":{"line":107,"column":2},"end":{"line":107,"column":22}},"56":{"start":{"line":110,"column":20},"end":{"line":113,"column":1}},"57":{"start":{"line":112,"column":2},"end":{"line":112,"column":84}},"58":{"start":{"line":115,"column":25},"end":{"line":127,"column":1}},"59":{"start":{"line":116,"column":19},"end":{"line":116,"column":38}},"60":{"start":{"line":117,"column":2},"end":{"line":117,"column":24}},"61":{"start":{"line":118,"column":23},"end":{"line":118,"column":84}},"62":{"start":{"line":119,"column":2},"end":{"line":123,"column":3}},"63":{"start":{"line":120,"column":4},"end":{"line":120,"column":47}},"64":{"start":{"line":121,"column":4},"end":{"line":121,"column":49}},"65":{"start":{"line":122,"column":4},"end":{"line":122,"column":11}},"66":{"start":{"line":125,"column":2},"end":{"line":125,"column":45}},"67":{"start":{"line":126,"column":2},"end":{"line":126,"column":47}},"68":{"start":{"line":130,"column":21},"end":{"line":133,"column":2}},"69":{"start":{"line":130,"column":38},"end":{"line":133,"column":1}},"70":{"start":{"line":139,"column":27},"end":{"line":144,"column":1}},"71":{"start":{"line":141,"column":17},"end":{"line":141,"column":43}},"72":{"start":{"line":142,"column":2},"end":{"line":142,"column":27}},"73":{"start":{"line":143,"column":2},"end":{"line":143,"column":78}}},"fnMap":{"0":{"name":"(anonymous_0)","decl":{"start":{"line":33,"column":36},"end":{"line":33,"column":37}},"loc":{"start":{"line":33,"column":45},"end":{"line":33,"column":89}},"line":33},"1":{"name":"(anonymous_1)","decl":{"start":{"line":35,"column":40},"end":{"line":35,"column":41}},"loc":{"start":{"line":35,"column":53},"end":{"line":35,"column":108}},"line":35},"2":{"name":"(anonymous_2)","decl":{"start":{"line":37,"column":31},"end":{"line":37,"column":32}},"loc":{"start":{"line":37,"column":75},"end":{"line":42,"column":1}},"line":37},"3":{"name":"(anonymous_3)","decl":{"start":{"line":39,"column":12},"end":{"line":39,"column":13}},"loc":{"start":{"line":39,"column":23},"end":{"line":41,"column":3}},"line":39},"4":{"name":"(anonymous_4)","decl":{"start":{"line":44,"column":31},"end":{"line":44,"column":32}},"loc":{"start":{"line":44,"column":54},"end":{"line":47,"column":1}},"line":44},"5":{"name":"(anonymous_5)","decl":{"start":{"line":49,"column":34},"end":{"line":49,"column":35}},"loc":{"start":{"line":49,"column":54},"end":{"line":53,"column":1}},"line":49},"6":{"name":"(anonymous_6)","decl":{"start":{"line":49,"column":54},"end":{"line":49,"column":55}},"loc":{"start":{"line":49,"column":65},"end":{"line":53,"column":1}},"line":49},"7":{"name":"(anonymous_7)","decl":{"start":{"line":55,"column":34},"end":{"line":55,"column":35}},"loc":{"start":{"line":55,"column":63},"end":{"line":57,"column":1}},"line":55},"8":{"name":"(anonymous_8)","decl":{"start":{"line":59,"column":20},"end":{"line":59,"column":21}},"loc":{"start":{"line":59,"column":30},"end":{"line":59,"column":64}},"line":59},"9":{"name":"(anonymous_9)","decl":{"start":{"line":61,"column":25},"end":{"line":61,"column":26}},"loc":{"start":{"line":61,"column":63},"end":{"line":66,"column":1}},"line":61},"10":{"name":"(anonymous_10)","decl":{"start":{"line":68,"column":24},"end":{"line":68,"column":25}},"loc":{"start":{"line":68,"column":42},"end":{"line":72,"column":1}},"line":68},"11":{"name":"(anonymous_11)","decl":{"start":{"line":68,"column":42},"end":{"line":68,"column":43}},"loc":{"start":{"line":68,"column":55},"end":{"line":72,"column":1}},"line":68},"12":{"name":"(anonymous_12)","decl":{"start":{"line":74,"column":25},"end":{"line":74,"column":26}},"loc":{"start":{"line":74,"column":43},"end":{"line":77,"column":1}},"line":74},"13":{"name":"(anonymous_13)","decl":{"start":{"line":79,"column":27},"end":{"line":79,"column":28}},"loc":{"start":{"line":79,"column":46},"end":{"line":81,"column":1}},"line":79},"14":{"name":"(anonymous_14)","decl":{"start":{"line":83,"column":28},"end":{"line":83,"column":29}},"loc":{"start":{"line":83,"column":38},"end":{"line":83,"column":77}},"line":83},"15":{"name":"(anonymous_15)","decl":{"start":{"line":85,"column":24},"end":{"line":85,"column":25}},"loc":{"start":{"line":85,"column":36},"end":{"line":88,"column":1}},"line":85},"16":{"name":"(anonymous_16)","decl":{"start":{"line":90,"column":37},"end":{"line":90,"column":38}},"loc":{"start":{"line":90,"column":49},"end":{"line":94,"column":1}},"line":90},"17":{"name":"(anonymous_17)","decl":{"start":{"line":96,"column":23},"end":{"line":96,"column":24}},"loc":{"start":{"line":96,"column":33},"end":{"line":100,"column":1}},"line":96},"18":{"name":"(anonymous_18)","decl":{"start":{"line":96,"column":33},"end":{"line":96,"column":34}},"loc":{"start":{"line":96,"column":44},"end":{"line":100,"column":1}},"line":96},"19":{"name":"(anonymous_19)","decl":{"start":{"line":102,"column":29},"end":{"line":102,"column":30}},"loc":{"start":{"line":102,"column":39},"end":{"line":108,"column":1}},"line":102},"20":{"name":"(anonymous_20)","decl":{"start":{"line":102,"column":39},"end":{"line":102,"column":40}},"loc":{"start":{"line":102,"column":45},"end":{"line":108,"column":1}},"line":102},"21":{"name":"(anonymous_21)","decl":{"start":{"line":110,"column":20},"end":{"line":110,"column":21}},"loc":{"start":{"line":110,"column":50},"end":{"line":113,"column":1}},"line":110},"22":{"name":"(anonymous_22)","decl":{"start":{"line":115,"column":25},"end":{"line":115,"column":26}},"loc":{"start":{"line":115,"column":37},"end":{"line":127,"column":1}},"line":115},"23":{"name":"(anonymous_23)","decl":{"start":{"line":130,"column":21},"end":{"line":130,"column":22}},"loc":{"start":{"line":130,"column":38},"end":{"line":133,"column":1}},"line":130},"24":{"name":"(anonymous_24)","decl":{"start":{"line":139,"column":27},"end":{"line":139,"column":28}},"loc":{"start":{"line":139,"column":45},"end":{"line":144,"column":1}},"line":139}},"branchMap":{"0":{"loc":{"start":{"line":37,"column":57},"end":{"line":37,"column":70}},"type":"default-arg","locations":[{"start":{"line":37,"column":66},"end":{"line":37,"column":70}}],"line":37},"1":{"loc":{"start":{"line":38,"column":12},"end":{"line":38,"column":41}},"type":"binary-expr","locations":[{"start":{"line":38,"column":12},"end":{"line":38,"column":18}},{"start":{"line":38,"column":22},"end":{"line":38,"column":41}}],"line":38},"2":{"loc":{"start":{"line":45,"column":15},"end":{"line":45,"column":43}},"type":"binary-expr","locations":[{"start":{"line":45,"column":15},"end":{"line":45,"column":28}},{"start":{"line":45,"column":32},"end":{"line":45,"column":43}}],"line":45},"3":{"loc":{"start":{"line":50,"column":2},"end":{"line":52,"column":3}},"type":"if","locations":[{"start":{"line":50,"column":2},"end":{"line":52,"column":3}},{"start":{"line":50,"column":2},"end":{"line":52,"column":3}}],"line":50},"4":{"loc":{"start":{"line":63,"column":17},"end":{"line":63,"column":81}},"type":"cond-expr","locations":[{"start":{"line":63,"column":59},"end":{"line":63,"column":61}},{"start":{"line":63,"column":64},"end":{"line":63,"column":81}}],"line":63},"5":{"loc":{"start":{"line":64,"column":14},"end":{"line":64,"column":131}},"type":"cond-expr","locations":[{"start":{"line":64,"column":42},"end":{"line":64,"column":85}},{"start":{"line":64,"column":88},"end":{"line":64,"column":131}}],"line":64},"6":{"loc":{"start":{"line":86,"column":23},"end":{"line":86,"column":72}},"type":"binary-expr","locations":[{"start":{"line":86,"column":23},"end":{"line":86,"column":50}},{"start":{"line":86,"column":54},"end":{"line":86,"column":72}}],"line":86},"7":{"loc":{"start":{"line":87,"column":9},"end":{"line":87,"column":80}},"type":"cond-expr","locations":[{"start":{"line":87,"column":45},"end":{"line":87,"column":61}},{"start":{"line":87,"column":64},"end":{"line":87,"column":80}}],"line":87},"8":{"loc":{"start":{"line":110,"column":29},"end":{"line":110,"column":45}},"type":"default-arg","locations":[{"start":{"line":110,"column":39},"end":{"line":110,"column":45}}],"line":110},"9":{"loc":{"start":{"line":112,"column":9},"end":{"line":112,"column":83}},"type":"cond-expr","locations":[{"start":{"line":112,"column":60},"end":{"line":112,"column":76}},{"start":{"line":112,"column":79},"end":{"line":112,"column":83}}],"line":112},"10":{"loc":{"start":{"line":118,"column":23},"end":{"line":118,"column":84}},"type":"binary-expr","locations":[{"start":{"line":118,"column":23},"end":{"line":118,"column":31}},{"start":{"line":118,"column":35},"end":{"line":118,"column":62}},{"start":{"line":118,"column":66},"end":{"line":118,"column":84}}],"line":118},"11":{"loc":{"start":{"line":119,"column":2},"end":{"line":123,"column":3}},"type":"if","locations":[{"start":{"line":119,"column":2},"end":{"line":123,"column":3}},{"start":{"line":119,"column":2},"end":{"line":123,"column":3}}],"line":119},"12":{"loc":{"start":{"line":119,"column":6},"end":{"line":119,"column":66}},"type":"binary-expr","locations":[{"start":{"line":119,"column":6},"end":{"line":119,"column":41}},{"start":{"line":119,"column":45},"end":{"line":119,"column":66}}],"line":119}},"s":{"0":1,"1":1,"2":1,"3":10,"4":1,"5":0,"6":1,"7":2,"8":2,"9":2,"10":1,"11":3,"12":3,"13":1,"14":1,"15":3,"16":2,"17":1,"18":1,"19":1,"20":1,"21":1,"22":18,"23":18,"24":18,"25":18,"26":1,"27":9,"28":18,"29":18,"30":18,"31":1,"32":9,"33":9,"34":1,"35":9,"36":1,"37":8,"38":1,"39":7,"40":7,"41":1,"42":7,"43":7,"44":7,"45":1,"46":2,"47":7,"48":7,"49":7,"50":1,"51":2,"52":1,"53":1,"54":1,"55":1,"56":1,"57":2,"58":1,"59":2,"60":2,"61":2,"62":2,"63":1,"64":1,"65":1,"66":1,"67":1,"68":1,"69":2,"70":1,"71":2,"72":2,"73":2},"f":{"0":10,"1":0,"2":2,"3":2,"4":3,"5":1,"6":3,"7":1,"8":1,"9":18,"10":9,"11":18,"12":9,"13":9,"14":8,"15":7,"16":7,"17":2,"18":7,"19":2,"20":1,"21":2,"22":2,"23":2,"24":2},"b":{"0":[1],"1":[2,1],"2":[3,0],"3":[2,1],"4":[9,9],"5":[8,10],"6":[7,0],"7":[4,3],"8":[2],"9":[1,1],"10":[2,1,0],"11":[1,1],"12":[2,1]},"_coverageSchema":"43e27e138ebf9cfc5966b082cf9a028302ed4184","hash":"2ec8c63dff9f4dcb18528681319d6ea77aeec56e"}
}
