TN:
SF:/Users/jess/Workspace/takahuri/src/takahuri.js
FN:33,(anonymous_0)
FN:35,(anonymous_1)
FN:37,(anonymous_2)
FN:39,(anonymous_3)
FN:44,(anonymous_4)
FN:49,(anonymous_5)
FN:49,(anonymous_6)
FN:55,(anonymous_7)
FN:59,(anonymous_8)
FN:61,(anonymous_9)
FN:68,(anonymous_10)
FN:70,(anonymous_11)
FN:70,(anonymous_12)
FN:72,(anonymous_13)
FN:78,(anonymous_14)
FN:83,(anonymous_15)
FN:87,(anonymous_16)
FN:89,(anonymous_17)
FN:94,(anonymous_18)
FN:100,(anonymous_19)
FN:100,(anonymous_20)
FN:106,(anonymous_21)
FN:106,(anonymous_22)
FN:114,(anonymous_23)
FN:119,(anonymous_24)
FN:133,(anonymous_25)
FN:142,(anonymous_26)
FNF:27
FNH:26
FNDA:10,(anonymous_0)
FNDA:0,(anonymous_1)
FNDA:2,(anonymous_2)
FNDA:2,(anonymous_3)
FNDA:3,(anonymous_4)
FNDA:1,(anonymous_5)
FNDA:3,(anonymous_6)
FNDA:1,(anonymous_7)
FNDA:1,(anonymous_8)
FNDA:18,(anonymous_9)
FNDA:18,(anonymous_10)
FNDA:9,(anonymous_11)
FNDA:18,(anonymous_12)
FNDA:18,(anonymous_13)
FNDA:9,(anonymous_14)
FNDA:9,(anonymous_15)
FNDA:8,(anonymous_16)
FNDA:7,(anonymous_17)
FNDA:7,(anonymous_18)
FNDA:2,(anonymous_19)
FNDA:7,(anonymous_20)
FNDA:2,(anonymous_21)
FNDA:1,(anonymous_22)
FNDA:2,(anonymous_23)
FNDA:2,(anonymous_24)
FNDA:2,(anonymous_25)
FNDA:2,(anonymous_26)
DA:4,1
DA:10,1
DA:33,10
DA:35,1
DA:37,1
DA:38,2
DA:39,2
DA:40,2
DA:44,1
DA:45,3
DA:46,3
DA:49,1
DA:50,3
DA:51,2
DA:55,1
DA:56,1
DA:59,1
DA:61,1
DA:62,18
DA:63,18
DA:64,18
DA:65,18
DA:68,18
DA:70,9
DA:71,18
DA:72,18
DA:73,18
DA:74,18
DA:78,1
DA:79,9
DA:80,9
DA:83,1
DA:84,9
DA:87,8
DA:89,1
DA:90,7
DA:91,7
DA:94,1
DA:95,7
DA:96,7
DA:97,7
DA:100,2
DA:101,7
DA:102,7
DA:103,7
DA:106,2
DA:107,1
DA:109,1
DA:110,1
DA:111,1
DA:114,1
DA:116,2
DA:119,1
DA:120,2
DA:121,2
DA:122,2
DA:123,1
DA:124,1
DA:125,1
DA:128,1
DA:129,1
DA:133,2
DA:142,1
DA:144,2
DA:145,2
DA:146,2
LF:66
LH:66
BRDA:37,0,0,1
BRDA:38,1,0,2
BRDA:38,1,1,1
BRDA:45,2,0,3
BRDA:45,2,1,0
BRDA:50,3,0,2
BRDA:50,3,1,1
BRDA:63,4,0,9
BRDA:63,4,1,9
BRDA:64,5,0,8
BRDA:64,5,1,10
BRDA:90,6,0,7
BRDA:90,6,1,0
BRDA:91,7,0,4
BRDA:91,7,1,3
BRDA:114,8,0,2
BRDA:116,9,0,1
BRDA:116,9,1,1
BRDA:121,10,0,2
BRDA:121,10,1,1
BRDA:121,10,2,0
BRDA:122,11,0,1
BRDA:122,11,1,1
BRDA:122,12,0,2
BRDA:122,12,1,1
BRF:25
BRH:22
end_of_record
