TN:
SF:/Users/jess/Workspace/takahuri/src/takahuri.js
FN:33,(anonymous_0)
FN:35,(anonymous_1)
FN:37,(anonymous_2)
FN:39,(anonymous_3)
FN:44,(anonymous_4)
FN:49,(anonymous_5)
FN:49,(anonymous_6)
FN:55,(anonymous_7)
FN:59,(anonymous_8)
FN:61,(anonymous_9)
FN:68,(anonymous_10)
FN:68,(anonymous_11)
FN:74,(anonymous_12)
FN:79,(anonymous_13)
FN:83,(anonymous_14)
FN:85,(anonymous_15)
FN:90,(anonymous_16)
FN:96,(anonymous_17)
FN:96,(anonymous_18)
FN:102,(anonymous_19)
FN:102,(anonymous_20)
FN:110,(anonymous_21)
FN:115,(anonymous_22)
FN:130,(anonymous_23)
FN:139,(anonymous_24)
FNF:25
FNH:24
FNDA:10,(anonymous_0)
FNDA:0,(anonymous_1)
FNDA:2,(anonymous_2)
FNDA:2,(anonymous_3)
FNDA:3,(anonymous_4)
FNDA:1,(anonymous_5)
FNDA:3,(anonymous_6)
FNDA:1,(anonymous_7)
FNDA:1,(anonymous_8)
FNDA:18,(anonymous_9)
FNDA:9,(anonymous_10)
FNDA:18,(anonymous_11)
FNDA:9,(anonymous_12)
FNDA:9,(anonymous_13)
FNDA:8,(anonymous_14)
FNDA:7,(anonymous_15)
FNDA:7,(anonymous_16)
FNDA:2,(anonymous_17)
FNDA:7,(anonymous_18)
FNDA:2,(anonymous_19)
FNDA:1,(anonymous_20)
FNDA:2,(anonymous_21)
FNDA:2,(anonymous_22)
FNDA:2,(anonymous_23)
FNDA:2,(anonymous_24)
DA:4,1
DA:10,1
DA:33,10
DA:35,1
DA:37,1
DA:38,2
DA:39,2
DA:40,2
DA:44,1
DA:45,3
DA:46,3
DA:49,1
DA:50,3
DA:51,2
DA:55,1
DA:56,1
DA:59,1
DA:61,1
DA:62,18
DA:63,18
DA:64,18
DA:65,18
DA:68,9
DA:69,18
DA:70,18
DA:71,18
DA:74,1
DA:75,9
DA:76,9
DA:79,1
DA:80,9
DA:83,8
DA:85,1
DA:86,7
DA:87,7
DA:90,1
DA:91,7
DA:92,7
DA:93,7
DA:96,2
DA:97,7
DA:98,7
DA:99,7
DA:102,2
DA:103,1
DA:105,1
DA:106,1
DA:107,1
DA:110,1
DA:112,2
DA:115,1
DA:116,2
DA:117,2
DA:118,2
DA:119,2
DA:120,1
DA:121,1
DA:122,1
DA:125,1
DA:126,1
DA:130,2
DA:139,1
DA:141,2
DA:142,2
DA:143,2
LF:65
LH:65
BRDA:37,0,0,1
BRDA:38,1,0,2
BRDA:38,1,1,1
BRDA:45,2,0,3
BRDA:45,2,1,0
BRDA:50,3,0,2
BRDA:50,3,1,1
BRDA:63,4,0,9
BRDA:63,4,1,9
BRDA:64,5,0,8
BRDA:64,5,1,10
BRDA:86,6,0,7
BRDA:86,6,1,0
BRDA:87,7,0,4
BRDA:87,7,1,3
BRDA:110,8,0,2
BRDA:112,9,0,1
BRDA:112,9,1,1
BRDA:118,10,0,2
BRDA:118,10,1,1
BRDA:118,10,2,0
BRDA:119,11,0,1
BRDA:119,11,1,1
BRDA:119,12,0,2
BRDA:119,12,1,1
BRF:25
BRH:22
end_of_record
